<?xml version="1.0" encoding="UTF-8"?>
<!-- Generated by org.testng.reporters.JUnitReportReporter -->
<testsuite hostname="ThinkPad" failures="0" tests="3" name="com.hcl.withoutframework.Functions" time="17.267" errors="0" timestamp="04 Aug 2023 00:04:59 GMT" skipped="0">
  <testcase classname="com.hcl.withoutframework.Functions" name="signIn" time="4.532"/>
  <testcase classname="com.hcl.withoutframework.Functions" name="addItem" time="11.275"/>
  <testcase classname="com.hcl.withoutframework.Functions" name="itemCost" time="1.460"/>
</testsuite> <!-- com.hcl.withoutframework.Functions -->
